<?xml version="1.0" encoding="UTF-8"?>
<testng-results ignored="0" total="2" passed="2" failed="0" skipped="0">
  <reporter-output>
  </reporter-output>
  <suite started-at="2025-01-28T07:15:08 IST" name="Suite" finished-at="2025-01-28T07:15:13 IST" duration-ms="4746">
    <groups>
    </groups>
    <test started-at="2025-01-28T07:15:08 IST" name="Test" finished-at="2025-01-28T07:15:13 IST" duration-ms="4746">
      <class name="Test.First">
        <test-method signature="firstcases()[pri:0, instance:Test.First@37d4349f]" started-at="2025-01-28T07:15:08 IST" name="firstcases" finished-at="2025-01-28T07:15:13 IST" duration-ms="4710" status="PASS">
          <reporter-output>
          </reporter-output>
        </test-method> <!-- firstcases -->
      </class> <!-- Test.First -->
      <class name="Test.two">
        <test-method signature="hi()[pri:0, instance:Test.two@957e06]" started-at="2025-01-28T07:15:13 IST" name="hi" finished-at="2025-01-28T07:15:13 IST" duration-ms="1" status="PASS">
          <reporter-output>
          </reporter-output>
        </test-method> <!-- hi -->
      </class> <!-- Test.two -->
    </test> <!-- Test -->
  </suite> <!-- Suite -->
</testng-results>
