<?xml version="1.0" encoding="UTF-8"?>
<testng-results ignored="0" total="2" passed="2" failed="0" skipped="0">
  <reporter-output>
  </reporter-output>
  <suite started-at="2025-01-28T07:14:35 IST" name="Suite" finished-at="2025-01-28T07:14:40 IST" duration-ms="4364">
    <groups>
    </groups>
    <test started-at="2025-01-28T07:14:35 IST" name="Test" finished-at="2025-01-28T07:14:40 IST" duration-ms="4364">
      <class name="Test.First">
        <test-method signature="firstcases()[pri:0, instance:Test.First@4803b726]" started-at="2025-01-28T07:14:35 IST" name="firstcases" finished-at="2025-01-28T07:14:40 IST" duration-ms="4327" status="PASS">
          <reporter-output>
          </reporter-output>
        </test-method> <!-- firstcases -->
      </class> <!-- Test.First -->
      <class name="Test.two">
        <test-method signature="hi()[pri:0, instance:Test.two@4b8ee4de]" started-at="2025-01-28T07:14:40 IST" name="hi" finished-at="2025-01-28T07:14:40 IST" duration-ms="2" status="PASS">
          <reporter-output>
          </reporter-output>
        </test-method> <!-- hi -->
      </class> <!-- Test.two -->
    </test> <!-- Test -->
  </suite> <!-- Suite -->
</testng-results>
