<?xml version="1.0" encoding="UTF-8"?>
<testng-results ignored="0" total="1" passed="1" failed="0" skipped="0">
  <reporter-output>
  </reporter-output>
  <suite started-at="2025-01-27T07:33:56 IST" name="Default suite" finished-at="2025-01-27T07:34:02 IST" duration-ms="5801">
    <groups>
    </groups>
    <test started-at="2025-01-27T07:33:56 IST" name="Default test" finished-at="2025-01-27T07:34:02 IST" duration-ms="5801">
      <class name="Test.First">
        <test-method signature="firstcases()[pri:0, instance:Test.First@4f2b503c]" started-at="2025-01-27T07:33:56 IST" name="firstcases" finished-at="2025-01-27T07:34:02 IST" duration-ms="5757" status="PASS">
          <reporter-output>
          </reporter-output>
        </test-method> <!-- firstcases -->
      </class> <!-- Test.First -->
    </test> <!-- Default test -->
  </suite> <!-- Default suite -->
</testng-results>
